<?xml version="1.0" encoding="UTF-8"?>
<!-- Generated by org.testng.reporters.JUnitReportReporter -->
<testsuite skipped="0" hostname="PUNITP276145L" name="Academy.HomePage" tests="1" failures="0" timestamp="2021-01-04T23:08:16 IST" time="12.777" errors="0">
  <testcase name="baseNavigation" time="12.777" classname="Academy.HomePage"/>
  <system-out/>
</testsuite> <!-- Academy.HomePage -->
